# JRE version: OpenJDK Runtime Environment (Zulu 8.68.0.21-CA-macos-aarch64) (8.0_362-b09) (build 1.8.0_362-b09)
# Java VM: OpenJDK 64-Bit Server VM (25.362-b09 mixed mode bsd-aarch64 compressed oops)
Heap:
 PSYoungGen      total 139776K, used 32535K [0x000000076ab00000, 0x0000000779900000, 0x00000007c0000000)
  eden space 129024K, 25% used [0x000000076ab00000,0x000000076cac5f28,0x0000000772900000)
  from space 10752K, 0% used [0x0000000772900000,0x0000000772900000,0x0000000773380000)
  to   space 11264K, 0% used [0x0000000778e00000,0x0000000778e00000,0x0000000779900000)
 ParOldGen       total 99328K, used 13815K [0x00000006c0000000, 0x00000006c6100000, 0x000000076ab00000)
  object space 99328K, 13% used [0x00000006c0000000,0x00000006c0d7dce0,0x00000006c6100000)
 Metaspace       used 36571K, capacity 38368K, committed 38656K, reserved 1083392K
  class space    used 4529K, capacity 4853K, committed 4864K, reserved 1048576K
GC Heap History (10 events):
Event: 5.687 GC heap before
{Heap before GC invocations=3 (full 0):
 PSYoungGen      total 76288K, used 56415K [0x000000076ab00000, 0x0000000770000000, 0x00000007c0000000)
  eden space 65536K, 72% used [0x000000076ab00000,0x000000076d930e90,0x000000076eb00000)
  from space 10752K, 84% used [0x000000076f580000,0x000000076fe66d80,0x0000000770000000)
  to   space 10752K, 0% used [0x000000076eb00000,0x000000076eb00000,0x000000076f580000)
 ParOldGen       total 175104K, used 24K [0x00000006c0000000, 0x00000006cab00000, 0x000000076ab00000)
  object space 175104K, 0% used [0x00000006c0000000,0x00000006c0006000,0x00000006cab00000)
 Metaspace       used 20387K, capacity 21118K, committed 21248K, reserved 1067008K
  class space    used 2508K, capacity 2689K, committed 2816K, reserved 1048576K
Event: 5.691 GC heap after
Heap after GC invocations=3 (full 0):
 PSYoungGen      total 76288K, used 5903K [0x000000076ab00000, 0x0000000774000000, 0x00000007c0000000)
  eden space 65536K, 0% used [0x000000076ab00000,0x000000076ab00000,0x000000076eb00000)
  from space 10752K, 54% used [0x000000076eb00000,0x000000076f0c3e90,0x000000076f580000)
  to   space 10752K, 0% used [0x0000000773580000,0x0000000773580000,0x0000000774000000)
 ParOldGen       total 175104K, used 32K [0x00000006c0000000, 0x00000006cab00000, 0x000000076ab00000)
  object space 175104K, 0% used [0x00000006c0000000,0x00000006c0008000,0x00000006cab00000)
 Metaspace       used 20387K, capacity 21118K, committed 21248K, reserved 1067008K
  class space    used 2508K, capacity 2689K, committed 2816K, reserved 1048576K
}
Event: 5.691 GC heap before
{Heap before GC invocations=4 (full 1):
 PSYoungGen      total 76288K, used 5903K [0x000000076ab00000, 0x0000000774000000, 0x00000007c0000000)
  eden space 65536K, 0% used [0x000000076ab00000,0x000000076ab00000,0x000000076eb00000)
  from space 10752K, 54% used [0x000000076eb00000,0x000000076f0c3e90,0x000000076f580000)
  to   space 10752K, 0% used [0x0000000773580000,0x0000000773580000,0x0000000774000000)
 ParOldGen       total 175104K, used 32K [0x00000006c0000000, 0x00000006cab00000, 0x000000076ab00000)
  object space 175104K, 0% used [0x00000006c0000000,0x00000006c0008000,0x00000006cab00000)
 Metaspace       used 20387K, capacity 21118K, committed 21248K, reserved 1067008K
  class space    used 2508K, capacity 2689K, committed 2816K, reserved 1048576K
Event: 5.707 GC heap after
Heap after GC invocations=4 (full 1):
 PSYoungGen      total 76288K, used 0K [0x000000076ab00000, 0x0000000774000000, 0x00000007c0000000)
  eden space 65536K, 0% used [0x000000076ab00000,0x000000076ab00000,0x000000076eb00000)
  from space 10752K, 0% used [0x000000076eb00000,0x000000076eb00000,0x000000076f580000)
  to   space 10752K, 0% used [0x0000000773580000,0x0000000773580000,0x0000000774000000)
 ParOldGen       total 80384K, used 5686K [0x00000006c0000000, 0x00000006c4e80000, 0x000000076ab00000)
  object space 80384K, 7% used [0x00000006c0000000,0x00000006c058d8f8,0x00000006c4e80000)
 Metaspace       used 20386K, capacity 21112K, committed 21248K, reserved 1067008K
  class space    used 2508K, capacity 2688K, committed 2816K, reserved 1048576K
}
Event: 6.049 GC heap before
{Heap before GC invocations=5 (full 1):
 PSYoungGen      total 76288K, used 65536K [0x000000076ab00000, 0x0000000774000000, 0x00000007c0000000)
  eden space 65536K, 100% used [0x000000076ab00000,0x000000076eb00000,0x000000076eb00000)
  from space 10752K, 0% used [0x000000076eb00000,0x000000076eb00000,0x000000076f580000)
  to   space 10752K, 0% used [0x0000000773580000,0x0000000773580000,0x0000000774000000)
 ParOldGen       total 80384K, used 5686K [0x00000006c0000000, 0x00000006c4e80000, 0x000000076ab00000)
  object space 80384K, 7% used [0x00000006c0000000,0x00000006c058d8f8,0x00000006c4e80000)
 Metaspace       used 27137K, capacity 28530K, committed 28800K, reserved 1075200K
  class space    used 3391K, capacity 3639K, committed 3712K, reserved 1048576K
Event: 6.052 GC heap after
Heap after GC invocations=5 (full 1):
 PSYoungGen      total 130560K, used 8275K [0x000000076ab00000, 0x0000000773e00000, 0x00000007c0000000)
  eden space 121856K, 0% used [0x000000076ab00000,0x000000076ab00000,0x0000000772200000)
  from space 8704K, 95% used [0x0000000773580000,0x0000000773d94ef8,0x0000000773e00000)
  to   space 10752K, 0% used [0x0000000772900000,0x0000000772900000,0x0000000773380000)
 ParOldGen       total 80384K, used 5694K [0x00000006c0000000, 0x00000006c4e80000, 0x000000076ab00000)
  object space 80384K, 7% used [0x00000006c0000000,0x00000006c058f8f8,0x00000006c4e80000)
 Metaspace       used 27137K, capacity 28530K, committed 28800K, reserved 1075200K
  class space    used 3391K, capacity 3639K, committed 3712K, reserved 1048576K
}
Event: 28.382 GC heap before
{Heap before GC invocations=6 (full 1):
 PSYoungGen      total 130560K, used 65167K [0x000000076ab00000, 0x0000000773e00000, 0x00000007c0000000)
  eden space 121856K, 46% used [0x000000076ab00000,0x000000076e28eec0,0x0000000772200000)
  from space 8704K, 95% used [0x0000000773580000,0x0000000773d94ef8,0x0000000773e00000)
  to   space 10752K, 0% used [0x0000000772900000,0x0000000772900000,0x0000000773380000)
 ParOldGen       total 80384K, used 5694K [0x00000006c0000000, 0x00000006c4e80000, 0x000000076ab00000)
  object space 80384K, 7% used [0x00000006c0000000,0x00000006c058f8f8,0x00000006c4e80000)
 Metaspace       used 33537K, capacity 35164K, committed 35424K, reserved 1081344K
  class space    used 4195K, capacity 4490K, committed 4608K, reserved 1048576K
Event: 28.387 GC heap after
Heap after GC invocations=6 (full 1):
 PSYoungGen      total 139776K, used 10269K [0x000000076ab00000, 0x0000000779900000, 0x00000007c0000000)
  eden space 129024K, 0% used [0x000000076ab00000,0x000000076ab00000,0x0000000772900000)
  from space 10752K, 95% used [0x0000000772900000,0x0000000773307580,0x0000000773380000)
  to   space 11264K, 0% used [0x0000000778e00000,0x0000000778e00000,0x0000000779900000)
 ParOldGen       total 80384K, used 5702K [0x00000006c0000000, 0x00000006c4e80000, 0x000000076ab00000)
  object space 80384K, 7% used [0x00000006c0000000,0x00000006c05918f8,0x00000006c4e80000)
 Metaspace       used 33537K, capacity 35164K, committed 35424K, reserved 1081344K
  class space    used 4195K, capacity 4490K, committed 4608K, reserved 1048576K
}
Event: 28.387 GC heap before
{Heap before GC invocations=7 (full 2):
 PSYoungGen      total 139776K, used 10269K [0x000000076ab00000, 0x0000000779900000, 0x00000007c0000000)
  eden space 129024K, 0% used [0x000000076ab00000,0x000000076ab00000,0x0000000772900000)
  from space 10752K, 95% used [0x0000000772900000,0x0000000773307580,0x0000000773380000)
  to   space 11264K, 0% used [0x0000000778e00000,0x0000000778e00000,0x0000000779900000)
 ParOldGen       total 80384K, used 5702K [0x00000006c0000000, 0x00000006c4e80000, 0x000000076ab00000)
  object space 80384K, 7% used [0x00000006c0000000,0x00000006c05918f8,0x00000006c4e80000)
 Metaspace       used 33537K, capacity 35164K, committed 35424K, reserved 1081344K
  class space    used 4195K, capacity 4490K, committed 4608K, reserved 1048576K
Event: 28.415 GC heap after
Heap after GC invocations=7 (full 2):
 PSYoungGen      total 139776K, used 0K [0x000000076ab00000, 0x0000000779900000, 0x00000007c0000000)
  eden space 129024K, 0% used [0x000000076ab00000,0x000000076ab00000,0x0000000772900000)
  from space 10752K, 0% used [0x0000000772900000,0x0000000772900000,0x0000000773380000)
  to   space 11264K, 0% used [0x0000000778e00000,0x0000000778e00000,0x0000000779900000)
 ParOldGen       total 99328K, used 13815K [0x00000006c0000000, 0x00000006c6100000, 0x000000076ab00000)
  object space 99328K, 13% used [0x00000006c0000000,0x00000006c0d7dce0,0x00000006c6100000)
 Metaspace       used 33537K, capacity 35164K, committed 35424K, reserved 1081344K
  class space    used 4195K, capacity 4490K, committed 4608K, reserved 1048576K
}

